0 verbose cli C:\Program Files\nodejs\node.exe C:\Program Files\nodejs\node_modules\npm\bin\npm-cli.js
1 info using npm@11.8.0
2 info using node@v24.13.1
3 silly config load:file:C:\Program Files\nodejs\node_modules\npm\npmrc
4 silly config load:file:C:\Users\hchas\VerixLabs\SEO Accelerator Tool\frontend\.npmrc
5 silly config load:file:C:\Users\hchas\.npmrc
6 silly config load:file:C:\Users\hchas\AppData\Roaming\npm\etc\npmrc
7 verbose title npm audit
8 verbose argv "audit" "--audit-level" "high" "--omit" "dev"
9 verbose logfile logs-max:10 dir:C:\Users\hchas\VerixLabs\SEO Accelerator Tool\frontend\.npm-cache\_logs\2026-02-17T18_59_49_252Z-
10 verbose logfile C:\Users\hchas\VerixLabs\SEO Accelerator Tool\frontend\.npm-cache\_logs\2026-02-17T18_59_49_252Z-debug-0.log
11 silly logfile done cleaning log files
12 silly packumentCache heap:4496293888 maxSize:1124073472 maxEntrySize:562036736
13 silly audit bulk request {
13 silly audit   '@emnapi/runtime': [ '1.8.1' ],
13 silly audit   '@img/colour': [ '1.0.0' ],
13 silly audit   '@img/sharp-darwin-arm64': [ '0.34.5' ],
13 silly audit   '@img/sharp-darwin-x64': [ '0.34.5' ],
13 silly audit   '@img/sharp-libvips-darwin-arm64': [ '1.2.4' ],
13 silly audit   '@img/sharp-libvips-darwin-x64': [ '1.2.4' ],
13 silly audit   '@img/sharp-libvips-linux-arm': [ '1.2.4' ],
13 silly audit   '@img/sharp-libvips-linux-arm64': [ '1.2.4' ],
13 silly audit   '@img/sharp-libvips-linux-ppc64': [ '1.2.4' ],
13 silly audit   '@img/sharp-libvips-linux-riscv64': [ '1.2.4' ],
13 silly audit   '@img/sharp-libvips-linux-s390x': [ '1.2.4' ],
13 silly audit   '@img/sharp-libvips-linux-x64': [ '1.2.4' ],
13 silly audit   '@img/sharp-libvips-linuxmusl-arm64': [ '1.2.4' ],
13 silly audit   '@img/sharp-libvips-linuxmusl-x64': [ '1.2.4' ],
13 silly audit   '@img/sharp-linux-arm': [ '0.34.5' ],
13 silly audit   '@img/sharp-linux-arm64': [ '0.34.5' ],
13 silly audit   '@img/sharp-linux-ppc64': [ '0.34.5' ],
13 silly audit   '@img/sharp-linux-riscv64': [ '0.34.5' ],
13 silly audit   '@img/sharp-linux-s390x': [ '0.34.5' ],
13 silly audit   '@img/sharp-linux-x64': [ '0.34.5' ],
13 silly audit   '@img/sharp-linuxmusl-arm64': [ '0.34.5' ],
13 silly audit   '@img/sharp-linuxmusl-x64': [ '0.34.5' ],
13 silly audit   '@img/sharp-wasm32': [ '0.34.5' ],
13 silly audit   '@img/sharp-win32-arm64': [ '0.34.5' ],
13 silly audit   '@img/sharp-win32-ia32': [ '0.34.5' ],
13 silly audit   '@img/sharp-win32-x64': [ '0.34.5' ],
13 silly audit   '@next/env': [ '15.5.12' ],
13 silly audit   '@next/swc-darwin-arm64': [ '15.5.12' ],
13 silly audit   '@next/swc-darwin-x64': [ '15.5.12' ],
13 silly audit   '@next/swc-linux-arm64-gnu': [ '15.5.12' ],
13 silly audit   '@next/swc-linux-arm64-musl': [ '15.5.12' ],
13 silly audit   '@next/swc-linux-x64-gnu': [ '15.5.12' ],
13 silly audit   '@next/swc-linux-x64-musl': [ '15.5.12' ],
13 silly audit   '@next/swc-win32-arm64-msvc': [ '15.5.12' ],
13 silly audit   '@next/swc-win32-x64-msvc': [ '15.5.12' ],
13 silly audit   '@swc/helpers': [ '0.5.15' ],
13 silly audit   'caniuse-lite': [ '1.0.30001770' ],
13 silly audit   'client-only': [ '0.0.1' ],
13 silly audit   'detect-libc': [ '2.1.2' ],
13 silly audit   semver: [ '7.7.4' ],
13 silly audit   nanoid: [ '3.3.11' ],
13 silly audit   next: [ '15.5.12' ],
13 silly audit   picocolors: [ '1.1.1' ],
13 silly audit   postcss: [ '8.4.31' ],
13 silly audit   react: [ '19.1.1' ],
13 silly audit   'react-dom': [ '19.1.1' ],
13 silly audit   scheduler: [ '0.26.0' ],
13 silly audit   sharp: [ '0.34.5' ],
13 silly audit   'source-map-js': [ '1.2.1' ],
13 silly audit   'styled-jsx': [ '5.1.6' ],
13 silly audit   tslib: [ '2.8.1' ]
13 silly audit }
14 http fetch POST 200 https://registry.npmjs.org/-/npm/v1/security/advisories/bulk 251ms
15 silly audit report {}
16 verbose cwd C:\Users\hchas\VerixLabs\SEO Accelerator Tool\frontend
17 verbose os Windows_NT 10.0.26200
18 verbose node v24.13.1
19 verbose npm  v11.8.0
20 verbose exit 0
21 info ok
